<?xml version="1.0" encoding="UTF-8"?>
<testsuite name="ApplicationTests" time="1.078" tests="1" errors="0" skipped="0" failures="1">
  <properties>
[...]
</properties>
  <testcase name="homePageProtected" classname="ApplicationTests" time="1.078">
    <failure message="expected:&lt;401&gt; but was:&lt;200&gt;" type="java.lang.AssertionError"><![CDATA[java.lang.AssertionError: expected:<401> but was:<200>
	at org.junit.Assert.fail(Assert.java:88)
	at org.junit.Assert.failNotEquals(Assert.java:834)
	at org.junit.Assert.assertEquals(Assert.java:118)
	at org.junit.Assert.assertEquals(Assert.java:144)
	at ApplicationTests.homePageProtected(ApplicationTests.java:29)
]]></failure>
    <system-out><![CDATA[11:59:43.580 [main] DEBUG o.s.t.c.j.SpringJUnit4ClassRunner - SpringJUnit4ClassRunner constructor called with [class ApplicationTests]
11:59:43.595 [main] DEBUG o.s.test.context.BootstrapUtils - Instantiating CacheAwareContextLoaderDelegate from class [org.springframework.test.context.cache.DefaultCacheAwareContextLoaderDelegate]
11:59:43.611 [main] DEBUG o.s.test.context.BootstrapUtils - Instantiating BootstrapContext using constructor [public org.springframework.test.context.support.DefaultBootstrapContext(java.lang.Class,org.springframework.test.context.CacheAwareContextLoaderDelegate)]
11:59:43.627 [main] DEBUG o.s.test.context.BootstrapUtils - Instantiating TestContextBootstrapper for test class [ApplicationTests] from class [org.springframework.test.context.web.WebTestContextBootstrapper]
11:59:43.658 [main] DEBUG o.s.t.c.w.WebTestContextBootstrapper - Found explicit ContextLoader class [org.springframework.boot.test.SpringApplicationContextLoader] for context configuration attributes [ContextConfigurationAttributes@d44fc21 declaringClass = 'ApplicationTests', classes = '{class ProjetoBanco.UiApplication}', locations = '{}', inheritLocations = true, initializers = '{}', inheritInitializers = true, name = [null], contextLoaderClass = 'org.springframework.boot.test.SpringApplicationContextLoader']
11:59:43.674 [main] DEBUG o.s.t.c.s.AbstractContextLoader - Did not detect default resource location for test class [ApplicationTests]: class path resource [ApplicationTests-context.xml] does not exist
11:59:43.674 [main] DEBUG o.s.t.c.s.AbstractContextLoader - Did not detect default resource location for test class [ApplicationTests]: class path resource [ApplicationTestsContext.groovy] does not exist
11:59:43.674 [main] INFO  o.s.t.c.s.AbstractContextLoader - Could not detect default resource locations for test class [ApplicationTests]: no resource found for suffixes {-context.xml, Context.groovy}.
11:59:43.674 [main] DEBUG o.s.t.c.support.ActiveProfilesUtils - Could not find an 'annotation declaring class' for annotation type [org.springframework.test.context.ActiveProfiles] and class [ApplicationTests]
11:59:43.705 [main] INFO  o.s.t.c.w.WebTestContextBootstrapper - Using TestExecutionListeners: [org.springframework.boot.test.IntegrationTestPropertiesListener@60285225, org.springframework.test.context.support.DirtiesContextBeforeModesTestExecutionListener@7113b13f, org.springframework.test.context.support.DependencyInjectionTestExecutionListener@45820e51, org.springframework.test.context.support.DirtiesContextTestExecutionListener@42d8062c, org.springframework.test.context.transaction.TransactionalTestExecutionListener@6043cd28, org.springframework.test.context.jdbc.SqlScriptsTestExecutionListener@cb51256]
11:59:43.705 [main] DEBUG o.s.t.annotation.ProfileValueUtils - Retrieved @ProfileValueSourceConfiguration [null] for test class [ApplicationTests]
11:59:43.705 [main] DEBUG o.s.t.annotation.ProfileValueUtils - Retrieved ProfileValueSource type [class org.springframework.test.annotation.SystemProfileValueSource] for class [ApplicationTests]
11:59:43.705 [main] DEBUG o.s.t.c.j.SpringJUnit4ClassRunner - SpringJUnit4ClassRunner constructor called with [class ApplicationTests]
11:59:43.705 [main] DEBUG o.s.test.context.BootstrapUtils - Instantiating CacheAwareContextLoaderDelegate from class [org.springframework.test.context.cache.DefaultCacheAwareContextLoaderDelegate]
11:59:43.705 [main] DEBUG o.s.test.context.BootstrapUtils - Instantiating BootstrapContext using constructor [public org.springframework.test.context.support.DefaultBootstrapContext(java.lang.Class,org.springframework.test.context.CacheAwareContextLoaderDelegate)]
11:59:43.705 [main] DEBUG o.s.test.context.BootstrapUtils - Instantiating TestContextBootstrapper for test class [ApplicationTests] from class [org.springframework.test.context.web.WebTestContextBootstrapper]
11:59:43.705 [main] DEBUG o.s.t.c.w.WebTestContextBootstrapper - Found explicit ContextLoader class [org.springframework.boot.test.SpringApplicationContextLoader] for context configuration attributes [ContextConfigurationAttributes@1a3869f4 declaringClass = 'ApplicationTests', classes = '{class ProjetoBanco.UiApplication}', locations = '{}', inheritLocations = true, initializers = '{}', inheritInitializers = true, name = [null], contextLoaderClass = 'org.springframework.boot.test.SpringApplicationContextLoader']
11:59:43.705 [main] DEBUG o.s.t.c.s.AbstractContextLoader - Did not detect default resource location for test class [ApplicationTests]: class path resource [ApplicationTests-context.xml] does not exist
11:59:43.705 [main] DEBUG o.s.t.c.s.AbstractContextLoader - Did not detect default resource location for test class [ApplicationTests]: class path resource [ApplicationTestsContext.groovy] does not exist
11:59:43.705 [main] INFO  o.s.t.c.s.AbstractContextLoader - Could not detect default resource locations for test class [ApplicationTests]: no resource found for suffixes {-context.xml, Context.groovy}.
11:59:43.705 [main] DEBUG o.s.t.c.support.ActiveProfilesUtils - Could not find an 'annotation declaring class' for annotation type [org.springframework.test.context.ActiveProfiles] and class [ApplicationTests]
11:59:43.705 [main] INFO  o.s.t.c.w.WebTestContextBootstrapper - Using TestExecutionListeners: [org.springframework.boot.test.IntegrationTestPropertiesListener@a38d7a3, org.springframework.test.context.support.DirtiesContextBeforeModesTestExecutionListener@77f99a05, org.springframework.test.context.support.DependencyInjectionTestExecutionListener@63440df3, org.springframework.test.context.support.DirtiesContextTestExecutionListener@3aeaafa6, org.springframework.test.context.transaction.TransactionalTestExecutionListener@76a3e297, org.springframework.test.context.jdbc.SqlScriptsTestExecutionListener@4d3167f4]
11:59:43.720 [main] DEBUG o.s.t.annotation.ProfileValueUtils - Retrieved @ProfileValueSourceConfiguration [null] for test class [ApplicationTests]
11:59:43.720 [main] DEBUG o.s.t.annotation.ProfileValueUtils - Retrieved ProfileValueSource type [class org.springframework.test.annotation.SystemProfileValueSource] for class [ApplicationTests]
11:59:43.720 [main] DEBUG o.s.t.annotation.ProfileValueUtils - Retrieved @ProfileValueSourceConfiguration [null] for test class [ApplicationTests]
11:59:43.720 [main] DEBUG o.s.t.annotation.ProfileValueUtils - Retrieved ProfileValueSource type [class org.springframework.test.annotation.SystemProfileValueSource] for class [ApplicationTests]
11:59:43.720 [main] DEBUG o.s.t.c.s.AbstractDirtiesContextTestExecutionListener - Before test class: context [DefaultTestContext@11758f2a testClass = ApplicationTests, testInstance = [null], testMethod = [null], testException = [null], mergedContextConfiguration = [WebMergedContextConfiguration@e720b71 testClass = ApplicationTests, locations = '{}', classes = '{class ProjetoBanco.UiApplication}', contextInitializerClasses = '[]', activeProfiles = '{}', propertySourceLocations = '{}', propertySourceProperties = '{}', resourceBasePath = 'src/main/webapp', contextLoader = 'org.springframework.boot.test.SpringApplicationContextLoader', parent = [null]]], class annotated with @DirtiesContext [false] with mode [null].
11:59:43.720 [main] DEBUG o.s.t.annotation.ProfileValueUtils - Retrieved @ProfileValueSourceConfiguration [null] for test class [ApplicationTests]
11:59:43.720 [main] DEBUG o.s.t.annotation.ProfileValueUtils - Retrieved ProfileValueSource type [class org.springframework.test.annotation.SystemProfileValueSource] for class [ApplicationTests]
11:59:43.720 [main] DEBUG o.s.test.util.ReflectionTestUtils - Getting field 'mergedContextConfiguration' from target object [[DefaultTestContext@11758f2a testClass = ApplicationTests, testInstance = ApplicationTests@2db7a79b, testMethod = [null], testException = [null], mergedContextConfiguration = [WebMergedContextConfiguration@e720b71 testClass = ApplicationTests, locations = '{}', classes = '{class ProjetoBanco.UiApplication}', contextInitializerClasses = '[]', activeProfiles = '{}', propertySourceLocations = '{}', propertySourceProperties = '{}', resourceBasePath = 'src/main/webapp', contextLoader = 'org.springframework.boot.test.SpringApplicationContextLoader', parent = [null]]]] or target class [class org.springframework.test.context.support.DefaultTestContext]
11:59:43.720 [main] DEBUG o.s.test.util.ReflectionTestUtils - Setting field 'propertySourceProperties' of type [null] on target object [[WebMergedContextConfiguration@e720b71 testClass = ApplicationTests, locations = '{}', classes = '{class ProjetoBanco.UiApplication}', contextInitializerClasses = '[]', activeProfiles = '{}', propertySourceLocations = '{}', propertySourceProperties = '{}', resourceBasePath = 'src/main/webapp', contextLoader = 'org.springframework.boot.test.SpringApplicationContextLoader', parent = [null]]] or target class [class org.springframework.test.context.web.WebMergedContextConfiguration] to value [[Ljava.lang.String;@7cbd213e]
11:59:43.720 [main] DEBUG o.s.t.c.s.DependencyInjectionTestExecutionListener - Performing dependency injection for test context [[DefaultTestContext@11758f2a testClass = ApplicationTests, testInstance = ApplicationTests@2db7a79b, testMethod = [null], testException = [null], mergedContextConfiguration = [WebMergedContextConfiguration@e720b71 testClass = ApplicationTests, locations = '{}', classes = '{class ProjetoBanco.UiApplication}', contextInitializerClasses = '[]', activeProfiles = '{}', propertySourceLocations = '{}', propertySourceProperties = '{server.port:0, org.springframework.boot.test.IntegrationTest=true}', resourceBasePath = 'src/main/webapp', contextLoader = 'org.springframework.boot.test.SpringApplicationContextLoader', parent = [null]]]].
11:59:43.924 [main] DEBUG o.s.core.env.StandardEnvironment - Adding [systemProperties] PropertySource with lowest search precedence
11:59:43.924 [main] DEBUG o.s.core.env.StandardEnvironment - Adding [systemEnvironment] PropertySource with lowest search precedence
11:59:43.924 [main] DEBUG o.s.core.env.StandardEnvironment - Initialized StandardEnvironment with PropertySources [systemProperties,systemEnvironment]
11:59:43.924 [main] DEBUG o.s.core.env.StandardEnvironment - Adding [integrationTest] PropertySource with search precedence immediately lower than [systemEnvironment]

  .   ____          _            __ _ _
 /\\ / ___'_ __ _ _(_)_ __  __ _ \ \ \ \
( ( )\___ | '_ | '_| | '_ \/ _` | \ \ \ \
 \\/  ___)| |_)| | | | | || (_| |  ) ) ) )
  '  |____| .__|_| |_|_| |_\__, | / / / /
 =========|_|==============|___/=/_/_/_/
 :: Spring Boot ::        (v1.3.3.RELEASE)

2017-02-20 11:59:44.830  INFO 1692 --- [           main] ApplicationTests                         : Starting ApplicationTests on DF00005048583 with PID 1692 (C:\Users\Fillipe.assis\Documents\NetBeansProjects\ProjetoBanco\target\test-classes started by fillipe.assis in C:\Users\Fillipe.assis\Documents\NetBeansProjects\ProjetoBanco)
2017-02-20 11:59:44.830  INFO 1692 --- [           main] ApplicationTests                         : No active profile set, falling back to default profiles: default
2017-02-20 11:59:44.939  INFO 1692 --- [           main] ationConfigEmbeddedWebApplicationContext : Refreshing org.springframework.boot.context.embedded.AnnotationConfigEmbeddedWebApplicationContext@443118b0: startup date [Mon Feb 20 11:59:44 BRT 2017]; root of context hierarchy
2017-02-20 11:59:47.611  INFO 1692 --- [           main] o.s.b.f.s.DefaultListableBeanFactory     : Overriding bean definition for bean 'beanNameViewResolver' with a different definition: replacing [Root bean: class [null]; scope=; abstract=false; lazyInit=false; autowireMode=3; dependencyCheck=0; autowireCandidate=true; primary=false; factoryBeanName=org.springframework.boot.autoconfigure.web.ErrorMvcAutoConfiguration$WhitelabelErrorViewConfiguration; factoryMethodName=beanNameViewResolver; initMethodName=null; destroyMethodName=(inferred); defined in class path resource [org/springframework/boot/autoconfigure/web/ErrorMvcAutoConfiguration$WhitelabelErrorViewConfiguration.class]] with [Root bean: class [null]; scope=; abstract=false; lazyInit=false; autowireMode=3; dependencyCheck=0; autowireCandidate=true; primary=false; factoryBeanName=org.springframework.boot.autoconfigure.web.WebMvcAutoConfiguration$WebMvcAutoConfigurationAdapter; factoryMethodName=beanNameViewResolver; initMethodName=null; destroyMethodName=(inferred); defined in class path resource [org/springframework/boot/autoconfigure/web/WebMvcAutoConfiguration$WebMvcAutoConfigurationAdapter.class]]
2017-02-20 11:59:47.689  INFO 1692 --- [           main] o.s.b.f.s.DefaultListableBeanFactory     : Overriding bean definition for bean 'ignoredPathsWebSecurityConfigurerAdapter' with a different definition: replacing [Root bean: class [null]; scope=; abstract=false; lazyInit=false; autowireMode=3; dependencyCheck=0; autowireCandidate=true; primary=false; factoryBeanName=org.springframework.boot.autoconfigure.security.SpringBootWebSecurityConfiguration; factoryMethodName=ignoredPathsWebSecurityConfigurerAdapter; initMethodName=null; destroyMethodName=(inferred); defined in class path resource [org/springframework/boot/autoconfigure/security/SpringBootWebSecurityConfiguration.class]] with [Root bean: class [null]; scope=; abstract=false; lazyInit=false; autowireMode=3; dependencyCheck=0; autowireCandidate=true; primary=false; factoryBeanName=org.springframework.boot.actuate.autoconfigure.ManagementWebSecurityAutoConfiguration; factoryMethodName=ignoredPathsWebSecurityConfigurerAdapter; initMethodName=null; destroyMethodName=(inferred); defined in class path resource [org/springframework/boot/actuate/autoconfigure/ManagementWebSecurityAutoConfiguration.class]]
2017-02-20 11:59:48.566  INFO 1692 --- [           main] f.a.AutowiredAnnotationBeanPostProcessor : JSR-330 'javax.inject.Inject' annotation found and supported for autowiring
2017-02-20 11:59:48.800  INFO 1692 --- [           main] trationDelegate$BeanPostProcessorChecker : Bean 'org.springframework.transaction.annotation.ProxyTransactionManagementConfiguration' of type [class org.springframework.transaction.annotation.ProxyTransactionManagementConfiguration$$EnhancerBySpringCGLIB$$a6cf20f7] is not eligible for getting processed by all BeanPostProcessors (for example: not eligible for auto-proxying)
2017-02-20 11:59:49.925  INFO 1692 --- [           main] s.b.c.e.t.TomcatEmbeddedServletContainer : Tomcat initialized with port(s): 0 (http)
2017-02-20 11:59:49.956  INFO 1692 --- [           main] o.apache.catalina.core.StandardService   : Starting service Tomcat
2017-02-20 11:59:49.956  INFO 1692 --- [           main] org.apache.catalina.core.StandardEngine  : Starting Servlet Engine: Apache Tomcat/8.0.32
2017-02-20 11:59:51.206  INFO 1692 --- [ost-startStop-1] o.a.c.c.C.[Tomcat].[localhost].[/]       : Initializing Spring embedded WebApplicationContext
2017-02-20 11:59:51.206  INFO 1692 --- [ost-startStop-1] o.s.web.context.ContextLoader            : Root WebApplicationContext: initialization completed in 6267 ms
2017-02-20 11:59:52.910  INFO 1692 --- [ost-startStop-1] o.s.b.c.embedded.FilterRegistrationBean  : Mapping filter: 'metricFilter' to: [/*]
2017-02-20 11:59:52.910  INFO 1692 --- [ost-startStop-1] o.s.b.c.embedded.FilterRegistrationBean  : Mapping filter: 'characterEncodingFilter' to: [/*]
2017-02-20 11:59:52.910  INFO 1692 --- [ost-startStop-1] o.s.b.c.embedded.FilterRegistrationBean  : Mapping filter: 'hiddenHttpMethodFilter' to: [/*]
2017-02-20 11:59:52.910  INFO 1692 --- [ost-startStop-1] o.s.b.c.embedded.FilterRegistrationBean  : Mapping filter: 'httpPutFormContentFilter' to: [/*]
2017-02-20 11:59:52.910  INFO 1692 --- [ost-startStop-1] o.s.b.c.embedded.FilterRegistrationBean  : Mapping filter: 'requestContextFilter' to: [/*]
2017-02-20 11:59:52.925  INFO 1692 --- [ost-startStop-1] .e.DelegatingFilterProxyRegistrationBean : Mapping filter: 'springSecurityFilterChain' to: [/*]
2017-02-20 11:59:52.925  INFO 1692 --- [ost-startStop-1] o.s.b.c.embedded.FilterRegistrationBean  : Mapping filter: 'webRequestLoggingFilter' to: [/*]
2017-02-20 11:59:52.925  INFO 1692 --- [ost-startStop-1] o.s.b.c.embedded.FilterRegistrationBean  : Mapping filter: 'applicationContextIdFilter' to: [/*]
2017-02-20 11:59:52.925  INFO 1692 --- [ost-startStop-1] o.s.b.c.e.ServletRegistrationBean        : Mapping servlet: 'dispatcherServlet' to [/]
2017-02-20 11:59:56.081 DEBUG 1692 --- [ost-startStop-1] eGlobalAuthenticationAutowiredConfigurer : Eagerly initializing {org.springframework.boot.autoconfigure.security.SpringBootWebSecurityConfiguration=org.springframework.boot.autoconfigure.security.SpringBootWebSecurityConfiguration$$EnhancerBySpringCGLIB$$64a8709f@54c39151}
2017-02-20 11:59:56.222  INFO 1692 --- [ost-startStop-1] o.s.s.web.DefaultSecurityFilterChain     : Creating filter chain: OrRequestMatcher [requestMatchers=[Ant [pattern='/css/**'], Ant [pattern='/js/**'], Ant [pattern='/images/**'], Ant [pattern='/**/favicon.ico'], Ant [pattern='/error']]], []
2017-02-20 11:59:56.316 DEBUG 1692 --- [ost-startStop-1] edFilterInvocationSecurityMetadataSource : Adding web access control expression 'permitAll', for org.springframework.boot.actuate.autoconfigure.ManagementWebSecurityAutoConfiguration$LazyEndpointPathRequestMatcher@90ddbf8
2017-02-20 11:59:56.316 DEBUG 1692 --- [ost-startStop-1] edFilterInvocationSecurityMetadataSource : Adding web access control expression 'hasRole('ROLE_ADMIN')', for org.springframework.security.web.util.matcher.AnyRequestMatcher@1
2017-02-20 11:59:56.347 DEBUG 1692 --- [ost-startStop-1] o.s.s.w.a.i.FilterSecurityInterceptor    : Validated configuration attributes
2017-02-20 11:59:56.347 DEBUG 1692 --- [ost-startStop-1] o.s.s.w.a.i.FilterSecurityInterceptor    : Validated configuration attributes
2017-02-20 11:59:56.363  INFO 1692 --- [ost-startStop-1] o.s.s.web.DefaultSecurityFilterChain     : Creating filter chain: org.springframework.boot.actuate.autoconfigure.ManagementWebSecurityAutoConfiguration$LazyEndpointPathRequestMatcher@158562f9, [org.springframework.security.web.context.request.async.WebAsyncManagerIntegrationFilter@426668f1, org.springframework.security.web.context.SecurityContextPersistenceFilter@7c7384df, org.springframework.security.web.header.HeaderWriterFilter@12add3b2, org.springframework.security.web.authentication.logout.LogoutFilter@562547ab, org.springframework.security.web.authentication.www.BasicAuthenticationFilter@77d40c14, org.springframework.security.web.savedrequest.RequestCacheAwareFilter@1263ce06, org.springframework.security.web.servletapi.SecurityContextHolderAwareRequestFilter@12975120, org.springframework.security.web.authentication.AnonymousAuthenticationFilter@3d4b02ec, org.springframework.security.web.session.SessionManagementFilter@279ab185, org.springframework.security.web.access.ExceptionTranslationFilter@637298d1, org.springframework.security.web.access.intercept.FilterSecurityInterceptor@1f92bfd8]
2017-02-20 11:59:56.378 DEBUG 1692 --- [ost-startStop-1] edFilterInvocationSecurityMetadataSource : Adding web access control expression 'permitAll', for Ant [pattern='/index.html']
2017-02-20 11:59:56.378 DEBUG 1692 --- [ost-startStop-1] edFilterInvocationSecurityMetadataSource : Adding web access control expression 'permitAll', for Ant [pattern='/home.html']
2017-02-20 11:59:56.378 DEBUG 1692 --- [ost-startStop-1] edFilterInvocationSecurityMetadataSource : Adding web access control expression 'permitAll', for Ant [pattern='/login.html']
2017-02-20 11:59:56.378 DEBUG 1692 --- [ost-startStop-1] edFilterInvocationSecurityMetadataSource : Adding web access control expression 'permitAll', for Ant [pattern='/contaUsuario.html']
2017-02-20 11:59:56.378 DEBUG 1692 --- [ost-startStop-1] edFilterInvocationSecurityMetadataSource : Adding web access control expression 'permitAll', for Ant [pattern='/clientes.html']
2017-02-20 11:59:56.378 DEBUG 1692 --- [ost-startStop-1] edFilterInvocationSecurityMetadataSource : Adding web access control expression 'permitAll', for Ant [pattern='/']
2017-02-20 11:59:56.378 DEBUG 1692 --- [ost-startStop-1] edFilterInvocationSecurityMetadataSource : Adding web access control expression 'authenticated', for org.springframework.security.web.util.matcher.AnyRequestMatcher@1
2017-02-20 11:59:56.378 DEBUG 1692 --- [ost-startStop-1] o.s.s.w.a.i.FilterSecurityInterceptor    : Validated configuration attributes
2017-02-20 11:59:56.378 DEBUG 1692 --- [ost-startStop-1] o.s.s.w.a.i.FilterSecurityInterceptor    : Validated configuration attributes
2017-02-20 11:59:56.378  INFO 1692 --- [ost-startStop-1] o.s.s.web.DefaultSecurityFilterChain     : Creating filter chain: org.springframework.security.web.util.matcher.AnyRequestMatcher@1, [org.springframework.security.web.context.request.async.WebAsyncManagerIntegrationFilter@4443ebc7, org.springframework.security.web.context.SecurityContextPersistenceFilter@12749c43, org.springframework.security.web.header.HeaderWriterFilter@37a1a752, org.springframework.security.web.csrf.CsrfFilter@7552c72c, org.springframework.security.web.authentication.logout.LogoutFilter@3c1e94f1, org.springframework.security.web.authentication.www.BasicAuthenticationFilter@a3e91b5, org.springframework.security.web.savedrequest.RequestCacheAwareFilter@19607ae8, org.springframework.security.web.servletapi.SecurityContextHolderAwareRequestFilter@23c1d5a1, org.springframework.security.web.authentication.AnonymousAuthenticationFilter@2c6fcaf9, org.springframework.security.web.session.SessionManagementFilter@54296d2d, org.springframework.security.web.access.ExceptionTranslationFilter@33470b1e, org.springframework.security.web.access.intercept.FilterSecurityInterceptor@527ea0df]
2017-02-20 11:59:56.394 DEBUG 1692 --- [ost-startStop-1] edFilterInvocationSecurityMetadataSource : Adding web access control expression 'hasAnyRole('ROLE_USER','ROLE_ADMIN')', for org.springframework.security.web.util.matcher.AnyRequestMatcher@1
2017-02-20 11:59:56.394 DEBUG 1692 --- [ost-startStop-1] o.s.s.w.a.i.FilterSecurityInterceptor    : Validated configuration attributes
2017-02-20 11:59:56.394 DEBUG 1692 --- [ost-startStop-1] o.s.s.w.a.i.FilterSecurityInterceptor    : Validated configuration attributes
2017-02-20 11:59:56.394  INFO 1692 --- [ost-startStop-1] o.s.s.web.DefaultSecurityFilterChain     : Creating filter chain: OrRequestMatcher [requestMatchers=[Ant [pattern='/**']]], [org.springframework.security.web.context.request.async.WebAsyncManagerIntegrationFilter@218d160e, org.springframework.security.web.context.SecurityContextPersistenceFilter@d569d8b, org.springframework.security.web.header.HeaderWriterFilter@6d900ff9, org.springframework.security.web.authentication.logout.LogoutFilter@11421ddd, org.springframework.security.web.authentication.www.BasicAuthenticationFilter@28c170bb, org.springframework.security.web.savedrequest.RequestCacheAwareFilter@7ccb9c27, org.springframework.security.web.servletapi.SecurityContextHolderAwareRequestFilter@1149bb80, org.springframework.security.web.authentication.AnonymousAuthenticationFilter@63ed74f9, org.springframework.security.web.session.SessionManagementFilter@f31f75b, org.springframework.security.web.access.ExceptionTranslationFilter@c0fac7a, org.springframework.security.web.access.intercept.FilterSecurityInterceptor@76c8711c]
2017-02-20 11:59:56.597  INFO 1692 --- [           main] j.LocalContainerEntityManagerFactoryBean : Building JPA container EntityManagerFactory for persistence unit 'default'
2017-02-20 11:59:56.644  INFO 1692 --- [           main] o.hibernate.jpa.internal.util.LogHelper  : HHH000204: Processing PersistenceUnitInfo [
	name: default
	...]
2017-02-20 11:59:56.769  INFO 1692 --- [           main] org.hibernate.Version                    : HHH000412: Hibernate Core {4.3.11.Final}
2017-02-20 11:59:56.769  INFO 1692 --- [           main] org.hibernate.cfg.Environment            : HHH000206: hibernate.properties not found
2017-02-20 11:59:56.769  INFO 1692 --- [           main] org.hibernate.cfg.Environment            : HHH000021: Bytecode provider name : javassist
2017-02-20 11:59:57.300  INFO 1692 --- [           main] o.hibernate.annotations.common.Version   : HCANN000001: Hibernate Commons Annotations {4.0.5.Final}
2017-02-20 11:59:57.894  INFO 1692 --- [           main] org.hibernate.dialect.Dialect            : HHH000400: Using dialect: org.hibernate.dialect.MySQL5Dialect
2017-02-20 11:59:58.097  INFO 1692 --- [           main] o.h.h.i.ast.ASTQueryTranslatorFactory    : HHH000397: Using ASTQueryTranslatorFactory
2017-02-20 11:59:58.738  INFO 1692 --- [           main] org.hibernate.tool.hbm2ddl.SchemaUpdate  : HHH000228: Running hbm2ddl schema update
2017-02-20 11:59:58.738  INFO 1692 --- [           main] org.hibernate.tool.hbm2ddl.SchemaUpdate  : HHH000102: Fetching database metadata
2017-02-20 11:59:58.738  INFO 1692 --- [           main] org.hibernate.tool.hbm2ddl.SchemaUpdate  : HHH000396: Updating schema
2017-02-20 11:59:58.863  INFO 1692 --- [           main] o.hibernate.tool.hbm2ddl.TableMetadata   : HHH000261: Table found: business.compra
2017-02-20 11:59:58.863  INFO 1692 --- [           main] o.hibernate.tool.hbm2ddl.TableMetadata   : HHH000037: Columns: [pessoa_cpf, data, pessoa_nome, valor, id]
2017-02-20 11:59:58.863  INFO 1692 --- [           main] o.hibernate.tool.hbm2ddl.TableMetadata   : HHH000108: Foreign keys: []
2017-02-20 11:59:58.863  INFO 1692 --- [           main] o.hibernate.tool.hbm2ddl.TableMetadata   : HHH000126: Indexes: [primary]
2017-02-20 11:59:58.956  INFO 1692 --- [           main] o.hibernate.tool.hbm2ddl.TableMetadata   : HHH000261: Table found: business.conta
2017-02-20 11:59:58.956  INFO 1692 --- [           main] o.hibernate.tool.hbm2ddl.TableMetadata   : HHH000037: Columns: [pessoa_id, num_conta, id, saldo, total_saques]
2017-02-20 11:59:58.956  INFO 1692 --- [           main] o.hibernate.tool.hbm2ddl.TableMetadata   : HHH000108: Foreign keys: [fk_alj8e7glyq7e5pqm9unhv59r5]
2017-02-20 11:59:58.956  INFO 1692 --- [           main] o.hibernate.tool.hbm2ddl.TableMetadata   : HHH000126: Indexes: [fk_alj8e7glyq7e5pqm9unhv59r5, primary]
2017-02-20 11:59:59.003  INFO 1692 --- [           main] o.hibernate.tool.hbm2ddl.TableMetadata   : HHH000261: Table found: business.deposito
2017-02-20 11:59:59.003  INFO 1692 --- [           main] o.hibernate.tool.hbm2ddl.TableMetadata   : HHH000037: Columns: [favorecido_id, data, user_id, valor, id, data_recebido, recebido]
2017-02-20 11:59:59.003  INFO 1692 --- [           main] o.hibernate.tool.hbm2ddl.TableMetadata   : HHH000108: Foreign keys: [fk_s4s3n3bpyggh51cod5efechc0, fk_5ndl0kr3aasipegdp87vsdfe4]
2017-02-20 11:59:59.003  INFO 1692 --- [           main] o.hibernate.tool.hbm2ddl.TableMetadata   : HHH000126: Indexes: [fk_s4s3n3bpyggh51cod5efechc0, fk_5ndl0kr3aasipegdp87vsdfe4, primary]
2017-02-20 11:59:59.066  INFO 1692 --- [           main] o.hibernate.tool.hbm2ddl.TableMetadata   : HHH000261: Table found: business.item_compra
2017-02-20 11:59:59.066  INFO 1692 --- [           main] o.hibernate.tool.hbm2ddl.TableMetadata   : HHH000037: Columns: [valor_item, produto, id, qtd_compra, compra_id]
2017-02-20 11:59:59.066  INFO 1692 --- [           main] o.hibernate.tool.hbm2ddl.TableMetadata   : HHH000108: Foreign keys: [fk_lxm16sa947huysx36g3tqa05]
2017-02-20 11:59:59.066  INFO 1692 --- [           main] o.hibernate.tool.hbm2ddl.TableMetadata   : HHH000126: Indexes: [fk_lxm16sa947huysx36g3tqa05, primary]
2017-02-20 11:59:59.113  INFO 1692 --- [           main] o.hibernate.tool.hbm2ddl.TableMetadata   : HHH000261: Table found: business.pessoa
2017-02-20 11:59:59.113  INFO 1692 --- [           main] o.hibernate.tool.hbm2ddl.TableMetadata   : HHH000037: Columns: [ativo, tipo_pessoa_enum, login_password, conta_id, cpf, login_maior_permissao, login_username, nome, id, dt_nascimento]
2017-02-20 11:59:59.113  INFO 1692 --- [           main] o.hibernate.tool.hbm2ddl.TableMetadata   : HHH000108: Foreign keys: [fk_6lhoqpa4y63udwlafkxh46v87]
2017-02-20 11:59:59.113  INFO 1692 --- [           main] o.hibernate.tool.hbm2ddl.TableMetadata   : HHH000126: Indexes: [fk_6lhoqpa4y63udwlafkxh46v87, uk_3sq98f7046uknsvati4admg12, uk_nlwiu48rutiltbnjle59krljo, primary]
2017-02-20 11:59:59.206  INFO 1692 --- [           main] o.hibernate.tool.hbm2ddl.TableMetadata   : HHH000261: Table found: business.pessoa_roles
2017-02-20 11:59:59.206  INFO 1692 --- [           main] o.hibernate.tool.hbm2ddl.TableMetadata   : HHH000037: Columns: [roles_id, pessoa_id]
2017-02-20 11:59:59.206  INFO 1692 --- [           main] o.hibernate.tool.hbm2ddl.TableMetadata   : HHH000108: Foreign keys: [fk_f4pnq51wqm9srsrjg8q9dd7oj, fk_fpo3tes0en8wib7b15pwvcwby]
2017-02-20 11:59:59.206  INFO 1692 --- [           main] o.hibernate.tool.hbm2ddl.TableMetadata   : HHH000126: Indexes: [fk_f4pnq51wqm9srsrjg8q9dd7oj, fk_fpo3tes0en8wib7b15pwvcwby]
2017-02-20 11:59:59.253  INFO 1692 --- [           main] o.hibernate.tool.hbm2ddl.TableMetadata   : HHH000261: Table found: business.produto
2017-02-20 11:59:59.253  INFO 1692 --- [           main] o.hibernate.tool.hbm2ddl.TableMetadata   : HHH000037: Columns: [cod_produto, qtd_estoque, valor, tipo_produto, nome, id]
2017-02-20 11:59:59.253  INFO 1692 --- [           main] o.hibernate.tool.hbm2ddl.TableMetadata   : HHH000108: Foreign keys: []
2017-02-20 11:59:59.253  INFO 1692 --- [           main] o.hibernate.tool.hbm2ddl.TableMetadata   : HHH000126: Indexes: [primary]
2017-02-20 11:59:59.269  INFO 1692 --- [           main] o.hibernate.tool.hbm2ddl.TableMetadata   : HHH000261: Table found: business.role
2017-02-20 11:59:59.269  INFO 1692 --- [           main] o.hibernate.tool.hbm2ddl.TableMetadata   : HHH000037: Columns: [description, id]
2017-02-20 11:59:59.269  INFO 1692 --- [           main] o.hibernate.tool.hbm2ddl.TableMetadata   : HHH000108: Foreign keys: []
2017-02-20 11:59:59.269  INFO 1692 --- [           main] o.hibernate.tool.hbm2ddl.TableMetadata   : HHH000126: Indexes: [primary]
2017-02-20 11:59:59.316  INFO 1692 --- [           main] o.hibernate.tool.hbm2ddl.TableMetadata   : HHH000261: Table found: business.tipo_produto
2017-02-20 11:59:59.316  INFO 1692 --- [           main] o.hibernate.tool.hbm2ddl.TableMetadata   : HHH000037: Columns: [categoria, id]
2017-02-20 11:59:59.316  INFO 1692 --- [           main] o.hibernate.tool.hbm2ddl.TableMetadata   : HHH000108: Foreign keys: []
2017-02-20 11:59:59.316  INFO 1692 --- [           main] o.hibernate.tool.hbm2ddl.TableMetadata   : HHH000126: Indexes: [primary]
2017-02-20 11:59:59.316  INFO 1692 --- [           main] org.hibernate.tool.hbm2ddl.SchemaUpdate  : HHH000232: Schema update complete
2017-02-20 12:00:00.566  INFO 1692 --- [           main] s.w.s.m.m.a.RequestMappingHandlerAdapter : Looking for @ControllerAdvice: org.springframework.boot.context.embedded.AnnotationConfigEmbeddedWebApplicationContext@443118b0: startup date [Mon Feb 20 11:59:44 BRT 2017]; root of context hierarchy
2017-02-20 12:00:00.659  INFO 1692 --- [           main] s.w.s.m.m.a.RequestMappingHandlerMapping : Mapped "{[/{[path:[^\.]*}]}" onto public java.lang.String ProjetoBanco.UiApplication.redirect()
2017-02-20 12:00:00.659  INFO 1692 --- [           main] s.w.s.m.m.a.RequestMappingHandlerMapping : Mapped "{[/user]}" onto public java.security.Principal ProjetoBanco.UiApplication.user(java.security.Principal)
2017-02-20 12:00:00.659  INFO 1692 --- [           main] s.w.s.m.m.a.RequestMappingHandlerMapping : Mapped "{[/resource]}" onto public java.util.Map<java.lang.String, java.lang.Object> ProjetoBanco.UiApplication.home()
2017-02-20 12:00:00.659  INFO 1692 --- [           main] s.w.s.m.m.a.RequestMappingHandlerMapping : Mapped "{[/compra/buscarUserCompras],methods=[GET],produces=[application/json]}" onto public org.springframework.http.ResponseEntity<?> ProjetoBanco.controller.CompraController.getUserCompras(int,java.util.Locale)
2017-02-20 12:00:00.659  INFO 1692 --- [           main] s.w.s.m.m.a.RequestMappingHandlerMapping : Mapped "{[/compra/addCompra],methods=[POST],produces=[application/json]}" onto public org.springframework.http.ResponseEntity<?> ProjetoBanco.controller.CompraController.addCompra(java.util.List<java.lang.String>,double,double,java.util.Locale)
2017-02-20 12:00:00.659  INFO 1692 --- [           main] s.w.s.m.m.a.RequestMappingHandlerMapping : Mapped "{[/compra/buscarItensCompra],methods=[GET],produces=[application/json]}" onto public org.springframework.http.ResponseEntity<?> ProjetoBanco.controller.CompraController.getItensCompra(int,int,java.util.Locale)
2017-02-20 12:00:00.675  INFO 1692 --- [           main] s.w.s.m.m.a.RequestMappingHandlerMapping : Mapped "{[/conta/buscarDepositosPendentes],methods=[GET],produces=[application/json]}" onto public org.springframework.http.ResponseEntity<?> ProjetoBanco.controller.ContaController.getDepositosPendentes(int,java.util.Locale)
2017-02-20 12:00:00.675  INFO 1692 --- [           main] s.w.s.m.m.a.RequestMappingHandlerMapping : Mapped "{[/conta/buscarDepositosRecebidos],methods=[GET],produces=[application/json]}" onto public org.springframework.http.ResponseEntity<?> ProjetoBanco.controller.ContaController.getDepositosRecebidos(int,int,java.util.Locale)
2017-02-20 12:00:00.675  INFO 1692 --- [           main] s.w.s.m.m.a.RequestMappingHandlerMapping : Mapped "{[/conta/buscarContaUsuario],methods=[GET]}" onto public ProjetoBanco.entiidades.Conta ProjetoBanco.controller.ContaController.getContaUsuario(ProjetoBanco.entiidades.Conta)
2017-02-20 12:00:00.675  INFO 1692 --- [           main] s.w.s.m.m.a.RequestMappingHandlerMapping : Mapped "{[/conta/receberDeposito],methods=[PUT]}" onto public org.springframework.http.ResponseEntity<?> ProjetoBanco.controller.ContaController.receberDeposito(long)
2017-02-20 12:00:00.675  INFO 1692 --- [           main] s.w.s.m.m.a.RequestMappingHandlerMapping : Mapped "{[/conta/addConta],methods=[POST]}" onto public org.springframework.http.ResponseEntity<?> ProjetoBanco.controller.ContaController.addConta(ProjetoBanco.entiidades.Conta)
2017-02-20 12:00:00.675  INFO 1692 --- [           main] s.w.s.m.m.a.RequestMappingHandlerMapping : Mapped "{[/conta/addDeposito],methods=[POST]}" onto public org.springframework.http.ResponseEntity<?> ProjetoBanco.controller.ContaController.addDeposito(int,double)
2017-02-20 12:00:00.675  INFO 1692 --- [           main] s.w.s.m.m.a.RequestMappingHandlerMapping : Mapped "{[/conta/sacar],methods=[PUT]}" onto public org.springframework.http.ResponseEntity<?> ProjetoBanco.controller.ContaController.sacar(int,double)
2017-02-20 12:00:00.675  INFO 1692 --- [           main] s.w.s.m.m.a.RequestMappingHandlerMapping : Mapped "{[/pessoa/listarRoles],methods=[GET],produces=[application/json]}" onto public java.util.List<ProjetoBanco.entiidades.Role> ProjetoBanco.controller.PessoaController.getRoles() throws com.fasterxml.jackson.core.JsonProcessingException
2017-02-20 12:00:00.675  INFO 1692 --- [           main] s.w.s.m.m.a.RequestMappingHandlerMapping : Mapped "{[/pessoa/buscarCliente],methods=[GET],produces=[application/json]}" onto public ProjetoBanco.entiidades.Pessoa ProjetoBanco.controller.PessoaController.getPessoa()
2017-02-20 12:00:00.675  INFO 1692 --- [           main] s.w.s.m.m.a.RequestMappingHandlerMapping : Mapped "{[/pessoa/addpessoa],methods=[POST],produces=[application/json]}" onto public org.springframework.http.ResponseEntity<?> ProjetoBanco.controller.PessoaController.addPessoa(ProjetoBanco.entiidades.Pessoa,java.util.Locale)
2017-02-20 12:00:00.675  INFO 1692 --- [           main] s.w.s.m.m.a.RequestMappingHandlerMapping : Mapped "{[/pessoa/buscarClientes],methods=[GET],produces=[application/json]}" onto public org.springframework.http.ResponseEntity<?> ProjetoBanco.controller.PessoaController.getClientes(int,java.util.Locale)
2017-02-20 12:00:00.675  INFO 1692 --- [           main] s.w.s.m.m.a.RequestMappingHandlerMapping : Mapped "{[/pessoa/listarPessoasRole],methods=[GET],produces=[application/json]}" onto public org.springframework.http.ResponseEntity<?> ProjetoBanco.controller.PessoaController.getPessoasRole(java.lang.String,int,java.util.Locale)
2017-02-20 12:00:00.675  INFO 1692 --- [           main] s.w.s.m.m.a.RequestMappingHandlerMapping : Mapped "{[/produto/produtosCategoria],methods=[GET],produces=[application/json]}" onto public org.springframework.http.ResponseEntity<?> ProjetoBanco.controller.ProdutoController.getProdutosCategoria(java.lang.String,int,java.util.Locale)
2017-02-20 12:00:00.675  INFO 1692 --- [           main] s.w.s.m.m.a.RequestMappingHandlerMapping : Mapped "{[/produto/listarCategorias],methods=[GET],produces=[application/json]}" onto public java.util.List<ProjetoBanco.entiidades.TipoProduto> ProjetoBanco.controller.ProdutoController.getCategorias() throws com.fasterxml.jackson.core.JsonProcessingException
2017-02-20 12:00:00.675  INFO 1692 --- [           main] s.w.s.m.m.a.RequestMappingHandlerMapping : Mapped "{[/produto/addCategoria],methods=[POST],produces=[application/json]}" onto public org.springframework.http.ResponseEntity<?> ProjetoBanco.controller.ProdutoController.addCategoria(ProjetoBanco.entiidades.TipoProduto,java.util.Locale)
2017-02-20 12:00:00.675  INFO 1692 --- [           main] s.w.s.m.m.a.RequestMappingHandlerMapping : Mapped "{[/produto/addProduto],methods=[POST],produces=[application/json]}" onto public org.springframework.http.ResponseEntity<?> ProjetoBanco.controller.ProdutoController.addProduto(ProjetoBanco.entiidades.Produto,java.util.Locale)
2017-02-20 12:00:00.675  INFO 1692 --- [           main] s.w.s.m.m.a.RequestMappingHandlerMapping : Mapped "{[/produto/buscarProdutos],methods=[GET],produces=[application/json]}" onto public org.springframework.http.ResponseEntity<?> ProjetoBanco.controller.ProdutoController.getProdutos(int,java.util.Locale)
2017-02-20 12:00:00.675  INFO 1692 --- [           main] s.w.s.m.m.a.RequestMappingHandlerMapping : Mapped "{[/produto/editarProduto],methods=[PUT],produces=[application/json]}" onto public org.springframework.http.ResponseEntity<?> ProjetoBanco.controller.ProdutoController.editarProduto(ProjetoBanco.entiidades.Produto,java.util.Locale)
2017-02-20 12:00:00.675  INFO 1692 --- [           main] s.w.s.m.m.a.RequestMappingHandlerMapping : Mapped "{[/error]}" onto public org.springframework.http.ResponseEntity<java.util.Map<java.lang.String, java.lang.Object>> org.springframework.boot.autoconfigure.web.BasicErrorController.error(javax.servlet.http.HttpServletRequest)
2017-02-20 12:00:00.675  INFO 1692 --- [           main] s.w.s.m.m.a.RequestMappingHandlerMapping : Mapped "{[/error],produces=[text/html]}" onto public org.springframework.web.servlet.ModelAndView org.springframework.boot.autoconfigure.web.BasicErrorController.errorHtml(javax.servlet.http.HttpServletRequest,javax.servlet.http.HttpServletResponse)
2017-02-20 12:00:00.691  INFO 1692 --- [           main] o.s.w.s.c.a.WebMvcConfigurerAdapter      : Adding welcome page: class path resource [static/index.html]
2017-02-20 12:00:00.691  INFO 1692 --- [           main] o.s.w.s.handler.SimpleUrlHandlerMapping  : Root mapping to handler of type [class org.springframework.web.servlet.mvc.ParameterizableViewController]
2017-02-20 12:00:00.706  INFO 1692 --- [           main] o.s.w.s.handler.SimpleUrlHandlerMapping  : Mapped URL path [/webjars/**] onto handler of type [class org.springframework.web.servlet.resource.ResourceHttpRequestHandler]
2017-02-20 12:00:00.706  INFO 1692 --- [           main] o.s.w.s.handler.SimpleUrlHandlerMapping  : Mapped URL path [/**] onto handler of type [class org.springframework.web.servlet.resource.ResourceHttpRequestHandler]
2017-02-20 12:00:00.753  INFO 1692 --- [           main] o.s.w.s.handler.SimpleUrlHandlerMapping  : Mapped URL path [/**/favicon.ico] onto handler of type [class org.springframework.web.servlet.resource.ResourceHttpRequestHandler]
2017-02-20 12:00:01.253  INFO 1692 --- [           main] o.s.b.a.e.mvc.EndpointHandlerMapping     : Mapped "{[/info || /info.json],methods=[GET],produces=[application/json]}" onto public java.lang.Object org.springframework.boot.actuate.endpoint.mvc.EndpointMvcAdapter.invoke()
2017-02-20 12:00:01.253  INFO 1692 --- [           main] o.s.b.a.e.mvc.EndpointHandlerMapping     : Mapped "{[/trace || /trace.json],methods=[GET],produces=[application/json]}" onto public java.lang.Object org.springframework.boot.actuate.endpoint.mvc.EndpointMvcAdapter.invoke()
2017-02-20 12:00:01.253  INFO 1692 --- [           main] o.s.b.a.e.mvc.EndpointHandlerMapping     : Mapped "{[/env/{name:.*}],methods=[GET],produces=[application/json]}" onto public java.lang.Object org.springframework.boot.actuate.endpoint.mvc.EnvironmentMvcEndpoint.value(java.lang.String)
2017-02-20 12:00:01.253  INFO 1692 --- [           main] o.s.b.a.e.mvc.EndpointHandlerMapping     : Mapped "{[/env || /env.json],methods=[GET],produces=[application/json]}" onto public java.lang.Object org.springframework.boot.actuate.endpoint.mvc.EndpointMvcAdapter.invoke()
2017-02-20 12:00:01.253  INFO 1692 --- [           main] o.s.b.a.e.mvc.EndpointHandlerMapping     : Mapped "{[/health || /health.json],produces=[application/json]}" onto public java.lang.Object org.springframework.boot.actuate.endpoint.mvc.HealthMvcEndpoint.invoke(java.security.Principal)
2017-02-20 12:00:01.253  INFO 1692 --- [           main] o.s.b.a.e.mvc.EndpointHandlerMapping     : Mapped "{[/mappings || /mappings.json],methods=[GET],produces=[application/json]}" onto public java.lang.Object org.springframework.boot.actuate.endpoint.mvc.EndpointMvcAdapter.invoke()
2017-02-20 12:00:01.253  INFO 1692 --- [           main] o.s.b.a.e.mvc.EndpointHandlerMapping     : Mapped "{[/autoconfig || /autoconfig.json],methods=[GET],produces=[application/json]}" onto public java.lang.Object org.springframework.boot.actuate.endpoint.mvc.EndpointMvcAdapter.invoke()
2017-02-20 12:00:01.253  INFO 1692 --- [           main] o.s.b.a.e.mvc.EndpointHandlerMapping     : Mapped "{[/beans || /beans.json],methods=[GET],produces=[application/json]}" onto public java.lang.Object org.springframework.boot.actuate.endpoint.mvc.EndpointMvcAdapter.invoke()
2017-02-20 12:00:01.253  INFO 1692 --- [           main] o.s.b.a.e.mvc.EndpointHandlerMapping     : Mapped "{[/metrics/{name:.*}],methods=[GET],produces=[application/json]}" onto public java.lang.Object org.springframework.boot.actuate.endpoint.mvc.MetricsMvcEndpoint.value(java.lang.String)
2017-02-20 12:00:01.253  INFO 1692 --- [           main] o.s.b.a.e.mvc.EndpointHandlerMapping     : Mapped "{[/metrics || /metrics.json],methods=[GET],produces=[application/json]}" onto public java.lang.Object org.springframework.boot.actuate.endpoint.mvc.EndpointMvcAdapter.invoke()
2017-02-20 12:00:01.253  INFO 1692 --- [           main] o.s.b.a.e.mvc.EndpointHandlerMapping     : Mapped "{[/dump || /dump.json],methods=[GET],produces=[application/json]}" onto public java.lang.Object org.springframework.boot.actuate.endpoint.mvc.EndpointMvcAdapter.invoke()
2017-02-20 12:00:01.253  INFO 1692 --- [           main] o.s.b.a.e.mvc.EndpointHandlerMapping     : Mapped "{[/configprops || /configprops.json],methods=[GET],produces=[application/json]}" onto public java.lang.Object org.springframework.boot.actuate.endpoint.mvc.EndpointMvcAdapter.invoke()
2017-02-20 12:00:01.613  INFO 1692 --- [           main] s.b.c.e.t.TomcatEmbeddedServletContainer : Tomcat started on port(s): 55636 (http)
2017-02-20 12:00:01.628  INFO 1692 --- [           main] ApplicationTests                         : Started ApplicationTests in 17.674 seconds (JVM running for 18.769)
2017-02-20 12:00:02.394  INFO 1692 --- [o-auto-1-exec-1] o.a.c.c.C.[Tomcat].[localhost].[/]       : Initializing Spring FrameworkServlet 'dispatcherServlet'
2017-02-20 12:00:02.394  INFO 1692 --- [o-auto-1-exec-1] o.s.web.servlet.DispatcherServlet        : FrameworkServlet 'dispatcherServlet': initialization started
2017-02-20 12:00:02.441  INFO 1692 --- [o-auto-1-exec-1] o.s.web.servlet.DispatcherServlet        : FrameworkServlet 'dispatcherServlet': initialization completed in 47 ms
2017-02-20 12:00:02.488 DEBUG 1692 --- [o-auto-1-exec-1] o.s.s.web.util.matcher.OrRequestMatcher  : Trying to match using Ant [pattern='/css/**']
2017-02-20 12:00:02.488 DEBUG 1692 --- [o-auto-1-exec-1] o.s.s.w.u.matcher.AntPathRequestMatcher  : Checking match of request : '/'; against '/css/**'
2017-02-20 12:00:02.488 DEBUG 1692 --- [o-auto-1-exec-1] o.s.s.web.util.matcher.OrRequestMatcher  : Trying to match using Ant [pattern='/js/**']
2017-02-20 12:00:02.488 DEBUG 1692 --- [o-auto-1-exec-1] o.s.s.w.u.matcher.AntPathRequestMatcher  : Checking match of request : '/'; against '/js/**'
2017-02-20 12:00:02.488 DEBUG 1692 --- [o-auto-1-exec-1] o.s.s.web.util.matcher.OrRequestMatcher  : Trying to match using Ant [pattern='/images/**']
2017-02-20 12:00:02.488 DEBUG 1692 --- [o-auto-1-exec-1] o.s.s.w.u.matcher.AntPathRequestMatcher  : Checking match of request : '/'; against '/images/**'
2017-02-20 12:00:02.488 DEBUG 1692 --- [o-auto-1-exec-1] o.s.s.web.util.matcher.OrRequestMatcher  : Trying to match using Ant [pattern='/**/favicon.ico']
2017-02-20 12:00:02.488 DEBUG 1692 --- [o-auto-1-exec-1] o.s.s.w.u.matcher.AntPathRequestMatcher  : Checking match of request : '/'; against '/**/favicon.ico'
2017-02-20 12:00:02.488 DEBUG 1692 --- [o-auto-1-exec-1] o.s.s.web.util.matcher.OrRequestMatcher  : Trying to match using Ant [pattern='/error']
2017-02-20 12:00:02.488 DEBUG 1692 --- [o-auto-1-exec-1] o.s.s.w.u.matcher.AntPathRequestMatcher  : Checking match of request : '/'; against '/error'
2017-02-20 12:00:02.488 DEBUG 1692 --- [o-auto-1-exec-1] o.s.s.web.util.matcher.OrRequestMatcher  : No matches found
2017-02-20 12:00:02.488 DEBUG 1692 --- [o-auto-1-exec-1] o.s.s.web.util.matcher.OrRequestMatcher  : Trying to match using Ant [pattern='/info']
2017-02-20 12:00:02.488 DEBUG 1692 --- [o-auto-1-exec-1] o.s.s.w.u.matcher.AntPathRequestMatcher  : Checking match of request : '/'; against '/info'
2017-02-20 12:00:02.488 DEBUG 1692 --- [o-auto-1-exec-1] o.s.s.web.util.matcher.OrRequestMatcher  : Trying to match using Ant [pattern='/info/']
2017-02-20 12:00:02.488 DEBUG 1692 --- [o-auto-1-exec-1] o.s.s.w.u.matcher.AntPathRequestMatcher  : Checking match of request : '/'; against '/info/'
2017-02-20 12:00:02.488 DEBUG 1692 --- [o-auto-1-exec-1] o.s.s.web.util.matcher.OrRequestMatcher  : Trying to match using Ant [pattern='/trace']
2017-02-20 12:00:02.488 DEBUG 1692 --- [o-auto-1-exec-1] o.s.s.w.u.matcher.AntPathRequestMatcher  : Checking match of request : '/'; against '/trace'
2017-02-20 12:00:02.488 DEBUG 1692 --- [o-auto-1-exec-1] o.s.s.web.util.matcher.OrRequestMatcher  : Trying to match using Ant [pattern='/trace/**']
2017-02-20 12:00:02.488 DEBUG 1692 --- [o-auto-1-exec-1] o.s.s.w.u.matcher.AntPathRequestMatcher  : Checking match of request : '/'; against '/trace/**'
2017-02-20 12:00:02.488 DEBUG 1692 --- [o-auto-1-exec-1] o.s.s.web.util.matcher.OrRequestMatcher  : Trying to match using Ant [pattern='/trace.*']
2017-02-20 12:00:02.488 DEBUG 1692 --- [o-auto-1-exec-1] o.s.s.w.u.matcher.AntPathRequestMatcher  : Checking match of request : '/'; against '/trace.*'
2017-02-20 12:00:02.488 DEBUG 1692 --- [o-auto-1-exec-1] o.s.s.web.util.matcher.OrRequestMatcher  : Trying to match using Ant [pattern='/trace/']
2017-02-20 12:00:02.488 DEBUG 1692 --- [o-auto-1-exec-1] o.s.s.w.u.matcher.AntPathRequestMatcher  : Checking match of request : '/'; against '/trace/'
2017-02-20 12:00:02.488 DEBUG 1692 --- [o-auto-1-exec-1] o.s.s.web.util.matcher.OrRequestMatcher  : Trying to match using Ant [pattern='/env']
2017-02-20 12:00:02.488 DEBUG 1692 --- [o-auto-1-exec-1] o.s.s.w.u.matcher.AntPathRequestMatcher  : Checking match of request : '/'; against '/env'
2017-02-20 12:00:02.488 DEBUG 1692 --- [o-auto-1-exec-1] o.s.s.web.util.matcher.OrRequestMatcher  : Trying to match using Ant [pattern='/env/**']
2017-02-20 12:00:02.488 DEBUG 1692 --- [o-auto-1-exec-1] o.s.s.w.u.matcher.AntPathRequestMatcher  : Checking match of request : '/'; against '/env/**'
2017-02-20 12:00:02.488 DEBUG 1692 --- [o-auto-1-exec-1] o.s.s.web.util.matcher.OrRequestMatcher  : Trying to match using Ant [pattern='/env.*']
2017-02-20 12:00:02.488 DEBUG 1692 --- [o-auto-1-exec-1] o.s.s.w.u.matcher.AntPathRequestMatcher  : Checking match of request : '/'; against '/env.*'
2017-02-20 12:00:02.488 DEBUG 1692 --- [o-auto-1-exec-1] o.s.s.web.util.matcher.OrRequestMatcher  : Trying to match using Ant [pattern='/env/']
2017-02-20 12:00:02.488 DEBUG 1692 --- [o-auto-1-exec-1] o.s.s.w.u.matcher.AntPathRequestMatcher  : Checking match of request : '/'; against '/env/'
2017-02-20 12:00:02.488 DEBUG 1692 --- [o-auto-1-exec-1] o.s.s.web.util.matcher.OrRequestMatcher  : Trying to match using Ant [pattern='/health']
2017-02-20 12:00:02.488 DEBUG 1692 --- [o-auto-1-exec-1] o.s.s.w.u.matcher.AntPathRequestMatcher  : Checking match of request : '/'; against '/health'
2017-02-20 12:00:02.488 DEBUG 1692 --- [o-auto-1-exec-1] o.s.s.web.util.matcher.OrRequestMatcher  : Trying to match using Ant [pattern='/health/']
2017-02-20 12:00:02.503 DEBUG 1692 --- [o-auto-1-exec-1] o.s.s.w.u.matcher.AntPathRequestMatcher  : Checking match of request : '/'; against '/health/'
2017-02-20 12:00:02.503 DEBUG 1692 --- [o-auto-1-exec-1] o.s.s.web.util.matcher.OrRequestMatcher  : Trying to match using Ant [pattern='/mappings']
2017-02-20 12:00:02.503 DEBUG 1692 --- [o-auto-1-exec-1] o.s.s.w.u.matcher.AntPathRequestMatcher  : Checking match of request : '/'; against '/mappings'
2017-02-20 12:00:02.503 DEBUG 1692 --- [o-auto-1-exec-1] o.s.s.web.util.matcher.OrRequestMatcher  : Trying to match using Ant [pattern='/mappings/**']
2017-02-20 12:00:02.503 DEBUG 1692 --- [o-auto-1-exec-1] o.s.s.w.u.matcher.AntPathRequestMatcher  : Checking match of request : '/'; against '/mappings/**'
2017-02-20 12:00:02.503 DEBUG 1692 --- [o-auto-1-exec-1] o.s.s.web.util.matcher.OrRequestMatcher  : Trying to match using Ant [pattern='/mappings.*']
2017-02-20 12:00:02.503 DEBUG 1692 --- [o-auto-1-exec-1] o.s.s.w.u.matcher.AntPathRequestMatcher  : Checking match of request : '/'; against '/mappings.*'
2017-02-20 12:00:02.503 DEBUG 1692 --- [o-auto-1-exec-1] o.s.s.web.util.matcher.OrRequestMatcher  : Trying to match using Ant [pattern='/mappings/']
2017-02-20 12:00:02.503 DEBUG 1692 --- [o-auto-1-exec-1] o.s.s.w.u.matcher.AntPathRequestMatcher  : Checking match of request : '/'; against '/mappings/'
2017-02-20 12:00:02.503 DEBUG 1692 --- [o-auto-1-exec-1] o.s.s.web.util.matcher.OrRequestMatcher  : Trying to match using Ant [pattern='/autoconfig']
2017-02-20 12:00:02.503 DEBUG 1692 --- [o-auto-1-exec-1] o.s.s.w.u.matcher.AntPathRequestMatcher  : Checking match of request : '/'; against '/autoconfig'
2017-02-20 12:00:02.503 DEBUG 1692 --- [o-auto-1-exec-1] o.s.s.web.util.matcher.OrRequestMatcher  : Trying to match using Ant [pattern='/autoconfig/**']
2017-02-20 12:00:02.503 DEBUG 1692 --- [o-auto-1-exec-1] o.s.s.w.u.matcher.AntPathRequestMatcher  : Checking match of request : '/'; against '/autoconfig/**'
2017-02-20 12:00:02.503 DEBUG 1692 --- [o-auto-1-exec-1] o.s.s.web.util.matcher.OrRequestMatcher  : Trying to match using Ant [pattern='/autoconfig.*']
2017-02-20 12:00:02.503 DEBUG 1692 --- [o-auto-1-exec-1] o.s.s.w.u.matcher.AntPathRequestMatcher  : Checking match of request : '/'; against '/autoconfig.*'
2017-02-20 12:00:02.503 DEBUG 1692 --- [o-auto-1-exec-1] o.s.s.web.util.matcher.OrRequestMatcher  : Trying to match using Ant [pattern='/autoconfig/']
2017-02-20 12:00:02.503 DEBUG 1692 --- [o-auto-1-exec-1] o.s.s.w.u.matcher.AntPathRequestMatcher  : Checking match of request : '/'; against '/autoconfig/'
2017-02-20 12:00:02.503 DEBUG 1692 --- [o-auto-1-exec-1] o.s.s.web.util.matcher.OrRequestMatcher  : Trying to match using Ant [pattern='/beans']
2017-02-20 12:00:02.503 DEBUG 1692 --- [o-auto-1-exec-1] o.s.s.w.u.matcher.AntPathRequestMatcher  : Checking match of request : '/'; against '/beans'
2017-02-20 12:00:02.503 DEBUG 1692 --- [o-auto-1-exec-1] o.s.s.web.util.matcher.OrRequestMatcher  : Trying to match using Ant [pattern='/beans/**']
2017-02-20 12:00:02.503 DEBUG 1692 --- [o-auto-1-exec-1] o.s.s.w.u.matcher.AntPathRequestMatcher  : Checking match of request : '/'; against '/beans/**'
2017-02-20 12:00:02.503 DEBUG 1692 --- [o-auto-1-exec-1] o.s.s.web.util.matcher.OrRequestMatcher  : Trying to match using Ant [pattern='/beans.*']
2017-02-20 12:00:02.503 DEBUG 1692 --- [o-auto-1-exec-1] o.s.s.w.u.matcher.AntPathRequestMatcher  : Checking match of request : '/'; against '/beans.*'
2017-02-20 12:00:02.503 DEBUG 1692 --- [o-auto-1-exec-1] o.s.s.web.util.matcher.OrRequestMatcher  : Trying to match using Ant [pattern='/beans/']
2017-02-20 12:00:02.503 DEBUG 1692 --- [o-auto-1-exec-1] o.s.s.w.u.matcher.AntPathRequestMatcher  : Checking match of request : '/'; against '/beans/'
2017-02-20 12:00:02.503 DEBUG 1692 --- [o-auto-1-exec-1] o.s.s.web.util.matcher.OrRequestMatcher  : Trying to match using Ant [pattern='/metrics']
2017-02-20 12:00:02.503 DEBUG 1692 --- [o-auto-1-exec-1] o.s.s.w.u.matcher.AntPathRequestMatcher  : Checking match of request : '/'; against '/metrics'
2017-02-20 12:00:02.503 DEBUG 1692 --- [o-auto-1-exec-1] o.s.s.web.util.matcher.OrRequestMatcher  : Trying to match using Ant [pattern='/metrics/**']
2017-02-20 12:00:02.503 DEBUG 1692 --- [o-auto-1-exec-1] o.s.s.w.u.matcher.AntPathRequestMatcher  : Checking match of request : '/'; against '/metrics/**'
2017-02-20 12:00:02.503 DEBUG 1692 --- [o-auto-1-exec-1] o.s.s.web.util.matcher.OrRequestMatcher  : Trying to match using Ant [pattern='/metrics.*']
2017-02-20 12:00:02.503 DEBUG 1692 --- [o-auto-1-exec-1] o.s.s.w.u.matcher.AntPathRequestMatcher  : Checking match of request : '/'; against '/metrics.*'
2017-02-20 12:00:02.503 DEBUG 1692 --- [o-auto-1-exec-1] o.s.s.web.util.matcher.OrRequestMatcher  : Trying to match using Ant [pattern='/metrics/']
2017-02-20 12:00:02.503 DEBUG 1692 --- [o-auto-1-exec-1] o.s.s.w.u.matcher.AntPathRequestMatcher  : Checking match of request : '/'; against '/metrics/'
2017-02-20 12:00:02.503 DEBUG 1692 --- [o-auto-1-exec-1] o.s.s.web.util.matcher.OrRequestMatcher  : Trying to match using Ant [pattern='/dump']
2017-02-20 12:00:02.503 DEBUG 1692 --- [o-auto-1-exec-1] o.s.s.w.u.matcher.AntPathRequestMatcher  : Checking match of request : '/'; against '/dump'
2017-02-20 12:00:02.503 DEBUG 1692 --- [o-auto-1-exec-1] o.s.s.web.util.matcher.OrRequestMatcher  : Trying to match using Ant [pattern='/dump/**']
2017-02-20 12:00:02.503 DEBUG 1692 --- [o-auto-1-exec-1] o.s.s.w.u.matcher.AntPathRequestMatcher  : Checking match of request : '/'; against '/dump/**'
2017-02-20 12:00:02.503 DEBUG 1692 --- [o-auto-1-exec-1] o.s.s.web.util.matcher.OrRequestMatcher  : Trying to match using Ant [pattern='/dump.*']
2017-02-20 12:00:02.503 DEBUG 1692 --- [o-auto-1-exec-1] o.s.s.w.u.matcher.AntPathRequestMatcher  : Checking match of request : '/'; against '/dump.*'
2017-02-20 12:00:02.503 DEBUG 1692 --- [o-auto-1-exec-1] o.s.s.web.util.matcher.OrRequestMatcher  : Trying to match using Ant [pattern='/dump/']
2017-02-20 12:00:02.503 DEBUG 1692 --- [o-auto-1-exec-1] o.s.s.w.u.matcher.AntPathRequestMatcher  : Checking match of request : '/'; against '/dump/'
2017-02-20 12:00:02.503 DEBUG 1692 --- [o-auto-1-exec-1] o.s.s.web.util.matcher.OrRequestMatcher  : Trying to match using Ant [pattern='/configprops']
2017-02-20 12:00:02.503 DEBUG 1692 --- [o-auto-1-exec-1] o.s.s.w.u.matcher.AntPathRequestMatcher  : Checking match of request : '/'; against '/configprops'
2017-02-20 12:00:02.503 DEBUG 1692 --- [o-auto-1-exec-1] o.s.s.web.util.matcher.OrRequestMatcher  : Trying to match using Ant [pattern='/configprops/**']
2017-02-20 12:00:02.503 DEBUG 1692 --- [o-auto-1-exec-1] o.s.s.w.u.matcher.AntPathRequestMatcher  : Checking match of request : '/'; against '/configprops/**'
2017-02-20 12:00:02.503 DEBUG 1692 --- [o-auto-1-exec-1] o.s.s.web.util.matcher.OrRequestMatcher  : Trying to match using Ant [pattern='/configprops.*']
2017-02-20 12:00:02.503 DEBUG 1692 --- [o-auto-1-exec-1] o.s.s.w.u.matcher.AntPathRequestMatcher  : Checking match of request : '/'; against '/configprops.*'
2017-02-20 12:00:02.503 DEBUG 1692 --- [o-auto-1-exec-1] o.s.s.web.util.matcher.OrRequestMatcher  : Trying to match using Ant [pattern='/configprops/']
2017-02-20 12:00:02.503 DEBUG 1692 --- [o-auto-1-exec-1] o.s.s.w.u.matcher.AntPathRequestMatcher  : Checking match of request : '/'; against '/configprops/'
2017-02-20 12:00:02.503 DEBUG 1692 --- [o-auto-1-exec-1] o.s.s.web.util.matcher.OrRequestMatcher  : No matches found
2017-02-20 12:00:02.503 DEBUG 1692 --- [o-auto-1-exec-1] o.s.security.web.FilterChainProxy        : / at position 1 of 12 in additional filter chain; firing Filter: 'WebAsyncManagerIntegrationFilter'
2017-02-20 12:00:02.503 DEBUG 1692 --- [o-auto-1-exec-1] o.s.security.web.FilterChainProxy        : / at position 2 of 12 in additional filter chain; firing Filter: 'SecurityContextPersistenceFilter'
2017-02-20 12:00:02.503 DEBUG 1692 --- [o-auto-1-exec-1] w.c.HttpSessionSecurityContextRepository : No HttpSession currently exists
2017-02-20 12:00:02.503 DEBUG 1692 --- [o-auto-1-exec-1] w.c.HttpSessionSecurityContextRepository : No SecurityContext was available from the HttpSession: null. A new one will be created.
2017-02-20 12:00:02.519 DEBUG 1692 --- [o-auto-1-exec-1] o.s.security.web.FilterChainProxy        : / at position 3 of 12 in additional filter chain; firing Filter: 'HeaderWriterFilter'
2017-02-20 12:00:02.519 DEBUG 1692 --- [o-auto-1-exec-1] o.s.security.web.FilterChainProxy        : / at position 4 of 12 in additional filter chain; firing Filter: 'CsrfFilter'
2017-02-20 12:00:02.534 DEBUG 1692 --- [o-auto-1-exec-1] o.s.security.web.FilterChainProxy        : / at position 5 of 12 in additional filter chain; firing Filter: 'LogoutFilter'
2017-02-20 12:00:02.534 DEBUG 1692 --- [o-auto-1-exec-1] o.s.s.w.u.matcher.AntPathRequestMatcher  : Request 'GET /' doesn't match 'POST /logout
2017-02-20 12:00:02.534 DEBUG 1692 --- [o-auto-1-exec-1] o.s.security.web.FilterChainProxy        : / at position 6 of 12 in additional filter chain; firing Filter: 'BasicAuthenticationFilter'
2017-02-20 12:00:02.534 DEBUG 1692 --- [o-auto-1-exec-1] o.s.security.web.FilterChainProxy        : / at position 7 of 12 in additional filter chain; firing Filter: 'RequestCacheAwareFilter'
2017-02-20 12:00:02.534 DEBUG 1692 --- [o-auto-1-exec-1] o.s.security.web.FilterChainProxy        : / at position 8 of 12 in additional filter chain; firing Filter: 'SecurityContextHolderAwareRequestFilter'
2017-02-20 12:00:02.534 DEBUG 1692 --- [o-auto-1-exec-1] o.s.security.web.FilterChainProxy        : / at position 9 of 12 in additional filter chain; firing Filter: 'AnonymousAuthenticationFilter'
2017-02-20 12:00:02.534 DEBUG 1692 --- [o-auto-1-exec-1] o.s.s.w.a.AnonymousAuthenticationFilter  : Populated SecurityContextHolder with anonymous token: 'org.springframework.security.authentication.AnonymousAuthenticationToken@9055e4a6: Principal: anonymousUser; Credentials: [PROTECTED]; Authenticated: true; Details: org.springframework.security.web.authentication.WebAuthenticationDetails@957e: RemoteIpAddress: 127.0.0.1; SessionId: null; Granted Authorities: ROLE_ANONYMOUS'
2017-02-20 12:00:02.534 DEBUG 1692 --- [o-auto-1-exec-1] o.s.security.web.FilterChainProxy        : / at position 10 of 12 in additional filter chain; firing Filter: 'SessionManagementFilter'
2017-02-20 12:00:02.534 DEBUG 1692 --- [o-auto-1-exec-1] o.s.security.web.FilterChainProxy        : / at position 11 of 12 in additional filter chain; firing Filter: 'ExceptionTranslationFilter'
2017-02-20 12:00:02.534 DEBUG 1692 --- [o-auto-1-exec-1] o.s.security.web.FilterChainProxy        : / at position 12 of 12 in additional filter chain; firing Filter: 'FilterSecurityInterceptor'
2017-02-20 12:00:02.534 DEBUG 1692 --- [o-auto-1-exec-1] o.s.s.w.u.matcher.AntPathRequestMatcher  : Checking match of request : '/'; against '/index.html'
2017-02-20 12:00:02.534 DEBUG 1692 --- [o-auto-1-exec-1] o.s.s.w.u.matcher.AntPathRequestMatcher  : Checking match of request : '/'; against '/home.html'
2017-02-20 12:00:02.534 DEBUG 1692 --- [o-auto-1-exec-1] o.s.s.w.u.matcher.AntPathRequestMatcher  : Checking match of request : '/'; against '/login.html'
2017-02-20 12:00:02.534 DEBUG 1692 --- [o-auto-1-exec-1] o.s.s.w.u.matcher.AntPathRequestMatcher  : Checking match of request : '/'; against '/contaUsuario.html'
2017-02-20 12:00:02.534 DEBUG 1692 --- [o-auto-1-exec-1] o.s.s.w.u.matcher.AntPathRequestMatcher  : Checking match of request : '/'; against '/clientes.html'
2017-02-20 12:00:02.534 DEBUG 1692 --- [o-auto-1-exec-1] o.s.s.w.u.matcher.AntPathRequestMatcher  : Checking match of request : '/'; against '/'
2017-02-20 12:00:02.534 DEBUG 1692 --- [o-auto-1-exec-1] o.s.s.w.a.i.FilterSecurityInterceptor    : Secure object: FilterInvocation: URL: /; Attributes: [permitAll]
2017-02-20 12:00:02.534 DEBUG 1692 --- [o-auto-1-exec-1] o.s.s.w.a.i.FilterSecurityInterceptor    : Previously Authenticated: org.springframework.security.authentication.AnonymousAuthenticationToken@9055e4a6: Principal: anonymousUser; Credentials: [PROTECTED]; Authenticated: true; Details: org.springframework.security.web.authentication.WebAuthenticationDetails@957e: RemoteIpAddress: 127.0.0.1; SessionId: null; Granted Authorities: ROLE_ANONYMOUS
2017-02-20 12:00:02.534 DEBUG 1692 --- [o-auto-1-exec-1] o.s.s.access.vote.AffirmativeBased       : Voter: org.springframework.security.web.access.expression.WebExpressionVoter@3ce0d4d5, returned: 1
2017-02-20 12:00:02.534 DEBUG 1692 --- [o-auto-1-exec-1] o.s.s.w.a.i.FilterSecurityInterceptor    : Authorization successful
2017-02-20 12:00:02.534 DEBUG 1692 --- [o-auto-1-exec-1] o.s.s.w.a.i.FilterSecurityInterceptor    : RunAsManager did not change Authentication object
2017-02-20 12:00:02.534 DEBUG 1692 --- [o-auto-1-exec-1] o.s.security.web.FilterChainProxy        : / reached end of additional filter chain; proceeding with original chain
2017-02-20 12:00:02.581 DEBUG 1692 --- [o-auto-1-exec-1] o.s.s.web.util.matcher.OrRequestMatcher  : Trying to match using Ant [pattern='/css/**']
2017-02-20 12:00:02.581 DEBUG 1692 --- [o-auto-1-exec-1] o.s.s.w.u.matcher.AntPathRequestMatcher  : Checking match of request : '/index.html'; against '/css/**'
2017-02-20 12:00:02.581 DEBUG 1692 --- [o-auto-1-exec-1] o.s.s.web.util.matcher.OrRequestMatcher  : Trying to match using Ant [pattern='/js/**']
2017-02-20 12:00:02.581 DEBUG 1692 --- [o-auto-1-exec-1] o.s.s.w.u.matcher.AntPathRequestMatcher  : Checking match of request : '/index.html'; against '/js/**'
2017-02-20 12:00:02.581 DEBUG 1692 --- [o-auto-1-exec-1] o.s.s.web.util.matcher.OrRequestMatcher  : Trying to match using Ant [pattern='/images/**']
2017-02-20 12:00:02.581 DEBUG 1692 --- [o-auto-1-exec-1] o.s.s.w.u.matcher.AntPathRequestMatcher  : Checking match of request : '/index.html'; against '/images/**'
2017-02-20 12:00:02.581 DEBUG 1692 --- [o-auto-1-exec-1] o.s.s.web.util.matcher.OrRequestMatcher  : Trying to match using Ant [pattern='/**/favicon.ico']
2017-02-20 12:00:02.581 DEBUG 1692 --- [o-auto-1-exec-1] o.s.s.w.u.matcher.AntPathRequestMatcher  : Checking match of request : '/index.html'; against '/**/favicon.ico'
2017-02-20 12:00:02.581 DEBUG 1692 --- [o-auto-1-exec-1] o.s.s.web.util.matcher.OrRequestMatcher  : Trying to match using Ant [pattern='/error']
2017-02-20 12:00:02.581 DEBUG 1692 --- [o-auto-1-exec-1] o.s.s.w.u.matcher.AntPathRequestMatcher  : Checking match of request : '/index.html'; against '/error'
2017-02-20 12:00:02.581 DEBUG 1692 --- [o-auto-1-exec-1] o.s.s.web.util.matcher.OrRequestMatcher  : No matches found
2017-02-20 12:00:02.581 DEBUG 1692 --- [o-auto-1-exec-1] o.s.s.web.util.matcher.OrRequestMatcher  : Trying to match using Ant [pattern='/info']
2017-02-20 12:00:02.581 DEBUG 1692 --- [o-auto-1-exec-1] o.s.s.w.u.matcher.AntPathRequestMatcher  : Checking match of request : '/index.html'; against '/info'
2017-02-20 12:00:02.581 DEBUG 1692 --- [o-auto-1-exec-1] o.s.s.web.util.matcher.OrRequestMatcher  : Trying to match using Ant [pattern='/info/']
2017-02-20 12:00:02.581 DEBUG 1692 --- [o-auto-1-exec-1] o.s.s.w.u.matcher.AntPathRequestMatcher  : Checking match of request : '/index.html'; against '/info/'
2017-02-20 12:00:02.581 DEBUG 1692 --- [o-auto-1-exec-1] o.s.s.web.util.matcher.OrRequestMatcher  : Trying to match using Ant [pattern='/trace']
2017-02-20 12:00:02.581 DEBUG 1692 --- [o-auto-1-exec-1] o.s.s.w.u.matcher.AntPathRequestMatcher  : Checking match of request : '/index.html'; against '/trace'
2017-02-20 12:00:02.581 DEBUG 1692 --- [o-auto-1-exec-1] o.s.s.web.util.matcher.OrRequestMatcher  : Trying to match using Ant [pattern='/trace/**']
2017-02-20 12:00:02.581 DEBUG 1692 --- [o-auto-1-exec-1] o.s.s.w.u.matcher.AntPathRequestMatcher  : Checking match of request : '/index.html'; against '/trace/**'
2017-02-20 12:00:02.581 DEBUG 1692 --- [o-auto-1-exec-1] o.s.s.web.util.matcher.OrRequestMatcher  : Trying to match using Ant [pattern='/trace.*']
2017-02-20 12:00:02.581 DEBUG 1692 --- [o-auto-1-exec-1] o.s.s.w.u.matcher.AntPathRequestMatcher  : Checking match of request : '/index.html'; against '/trace.*'
2017-02-20 12:00:02.581 DEBUG 1692 --- [o-auto-1-exec-1] o.s.s.web.util.matcher.OrRequestMatcher  : Trying to match using Ant [pattern='/trace/']
2017-02-20 12:00:02.581 DEBUG 1692 --- [o-auto-1-exec-1] o.s.s.w.u.matcher.AntPathRequestMatcher  : Checking match of request : '/index.html'; against '/trace/'
2017-02-20 12:00:02.581 DEBUG 1692 --- [o-auto-1-exec-1] o.s.s.web.util.matcher.OrRequestMatcher  : Trying to match using Ant [pattern='/env']
2017-02-20 12:00:02.581 DEBUG 1692 --- [o-auto-1-exec-1] o.s.s.w.u.matcher.AntPathRequestMatcher  : Checking match of request : '/index.html'; against '/env'
2017-02-20 12:00:02.581 DEBUG 1692 --- [o-auto-1-exec-1] o.s.s.web.util.matcher.OrRequestMatcher  : Trying to match using Ant [pattern='/env/**']
2017-02-20 12:00:02.581 DEBUG 1692 --- [o-auto-1-exec-1] o.s.s.w.u.matcher.AntPathRequestMatcher  : Checking match of request : '/index.html'; against '/env/**'
2017-02-20 12:00:02.581 DEBUG 1692 --- [o-auto-1-exec-1] o.s.s.web.util.matcher.OrRequestMatcher  : Trying to match using Ant [pattern='/env.*']
2017-02-20 12:00:02.581 DEBUG 1692 --- [o-auto-1-exec-1] o.s.s.w.u.matcher.AntPathRequestMatcher  : Checking match of request : '/index.html'; against '/env.*'
2017-02-20 12:00:02.581 DEBUG 1692 --- [o-auto-1-exec-1] o.s.s.web.util.matcher.OrRequestMatcher  : Trying to match using Ant [pattern='/env/']
2017-02-20 12:00:02.581 DEBUG 1692 --- [o-auto-1-exec-1] o.s.s.w.u.matcher.AntPathRequestMatcher  : Checking match of request : '/index.html'; against '/env/'
2017-02-20 12:00:02.581 DEBUG 1692 --- [o-auto-1-exec-1] o.s.s.web.util.matcher.OrRequestMatcher  : Trying to match using Ant [pattern='/health']
2017-02-20 12:00:02.581 DEBUG 1692 --- [o-auto-1-exec-1] o.s.s.w.u.matcher.AntPathRequestMatcher  : Checking match of request : '/index.html'; against '/health'
2017-02-20 12:00:02.581 DEBUG 1692 --- [o-auto-1-exec-1] o.s.s.web.util.matcher.OrRequestMatcher  : Trying to match using Ant [pattern='/health/']
2017-02-20 12:00:02.581 DEBUG 1692 --- [o-auto-1-exec-1] o.s.s.w.u.matcher.AntPathRequestMatcher  : Checking match of request : '/index.html'; against '/health/'
2017-02-20 12:00:02.581 DEBUG 1692 --- [o-auto-1-exec-1] o.s.s.web.util.matcher.OrRequestMatcher  : Trying to match using Ant [pattern='/mappings']
2017-02-20 12:00:02.581 DEBUG 1692 --- [o-auto-1-exec-1] o.s.s.w.u.matcher.AntPathRequestMatcher  : Checking match of request : '/index.html'; against '/mappings'
2017-02-20 12:00:02.581 DEBUG 1692 --- [o-auto-1-exec-1] o.s.s.web.util.matcher.OrRequestMatcher  : Trying to match using Ant [pattern='/mappings/**']
2017-02-20 12:00:02.581 DEBUG 1692 --- [o-auto-1-exec-1] o.s.s.w.u.matcher.AntPathRequestMatcher  : Checking match of request : '/index.html'; against '/mappings/**'
2017-02-20 12:00:02.597 DEBUG 1692 --- [o-auto-1-exec-1] o.s.s.web.util.matcher.OrRequestMatcher  : Trying to match using Ant [pattern='/mappings.*']
2017-02-20 12:00:02.597 DEBUG 1692 --- [o-auto-1-exec-1] o.s.s.w.u.matcher.AntPathRequestMatcher  : Checking match of request : '/index.html'; against '/mappings.*'
2017-02-20 12:00:02.597 DEBUG 1692 --- [o-auto-1-exec-1] o.s.s.web.util.matcher.OrRequestMatcher  : Trying to match using Ant [pattern='/mappings/']
2017-02-20 12:00:02.597 DEBUG 1692 --- [o-auto-1-exec-1] o.s.s.w.u.matcher.AntPathRequestMatcher  : Checking match of request : '/index.html'; against '/mappings/'
2017-02-20 12:00:02.597 DEBUG 1692 --- [o-auto-1-exec-1] o.s.s.web.util.matcher.OrRequestMatcher  : Trying to match using Ant [pattern='/autoconfig']
2017-02-20 12:00:02.597 DEBUG 1692 --- [o-auto-1-exec-1] o.s.s.w.u.matcher.AntPathRequestMatcher  : Checking match of request : '/index.html'; against '/autoconfig'
2017-02-20 12:00:02.597 DEBUG 1692 --- [o-auto-1-exec-1] o.s.s.web.util.matcher.OrRequestMatcher  : Trying to match using Ant [pattern='/autoconfig/**']
2017-02-20 12:00:02.597 DEBUG 1692 --- [o-auto-1-exec-1] o.s.s.w.u.matcher.AntPathRequestMatcher  : Checking match of request : '/index.html'; against '/autoconfig/**'
2017-02-20 12:00:02.597 DEBUG 1692 --- [o-auto-1-exec-1] o.s.s.web.util.matcher.OrRequestMatcher  : Trying to match using Ant [pattern='/autoconfig.*']
2017-02-20 12:00:02.597 DEBUG 1692 --- [o-auto-1-exec-1] o.s.s.w.u.matcher.AntPathRequestMatcher  : Checking match of request : '/index.html'; against '/autoconfig.*'
2017-02-20 12:00:02.597 DEBUG 1692 --- [o-auto-1-exec-1] o.s.s.web.util.matcher.OrRequestMatcher  : Trying to match using Ant [pattern='/autoconfig/']
2017-02-20 12:00:02.597 DEBUG 1692 --- [o-auto-1-exec-1] o.s.s.w.u.matcher.AntPathRequestMatcher  : Checking match of request : '/index.html'; against '/autoconfig/'
2017-02-20 12:00:02.597 DEBUG 1692 --- [o-auto-1-exec-1] o.s.s.web.util.matcher.OrRequestMatcher  : Trying to match using Ant [pattern='/beans']
2017-02-20 12:00:02.597 DEBUG 1692 --- [o-auto-1-exec-1] o.s.s.w.u.matcher.AntPathRequestMatcher  : Checking match of request : '/index.html'; against '/beans'
2017-02-20 12:00:02.597 DEBUG 1692 --- [o-auto-1-exec-1] o.s.s.web.util.matcher.OrRequestMatcher  : Trying to match using Ant [pattern='/beans/**']
2017-02-20 12:00:02.597 DEBUG 1692 --- [o-auto-1-exec-1] o.s.s.w.u.matcher.AntPathRequestMatcher  : Checking match of request : '/index.html'; against '/beans/**'
2017-02-20 12:00:02.597 DEBUG 1692 --- [o-auto-1-exec-1] o.s.s.web.util.matcher.OrRequestMatcher  : Trying to match using Ant [pattern='/beans.*']
2017-02-20 12:00:02.597 DEBUG 1692 --- [o-auto-1-exec-1] o.s.s.w.u.matcher.AntPathRequestMatcher  : Checking match of request : '/index.html'; against '/beans.*'
2017-02-20 12:00:02.597 DEBUG 1692 --- [o-auto-1-exec-1] o.s.s.web.util.matcher.OrRequestMatcher  : Trying to match using Ant [pattern='/beans/']
2017-02-20 12:00:02.597 DEBUG 1692 --- [o-auto-1-exec-1] o.s.s.w.u.matcher.AntPathRequestMatcher  : Checking match of request : '/index.html'; against '/beans/'
2017-02-20 12:00:02.597 DEBUG 1692 --- [o-auto-1-exec-1] o.s.s.web.util.matcher.OrRequestMatcher  : Trying to match using Ant [pattern='/metrics']
2017-02-20 12:00:02.597 DEBUG 1692 --- [o-auto-1-exec-1] o.s.s.w.u.matcher.AntPathRequestMatcher  : Checking match of request : '/index.html'; against '/metrics'
2017-02-20 12:00:02.597 DEBUG 1692 --- [o-auto-1-exec-1] o.s.s.web.util.matcher.OrRequestMatcher  : Trying to match using Ant [pattern='/metrics/**']
2017-02-20 12:00:02.597 DEBUG 1692 --- [o-auto-1-exec-1] o.s.s.w.u.matcher.AntPathRequestMatcher  : Checking match of request : '/index.html'; against '/metrics/**'
2017-02-20 12:00:02.597 DEBUG 1692 --- [o-auto-1-exec-1] o.s.s.web.util.matcher.OrRequestMatcher  : Trying to match using Ant [pattern='/metrics.*']
2017-02-20 12:00:02.597 DEBUG 1692 --- [o-auto-1-exec-1] o.s.s.w.u.matcher.AntPathRequestMatcher  : Checking match of request : '/index.html'; against '/metrics.*'
2017-02-20 12:00:02.597 DEBUG 1692 --- [o-auto-1-exec-1] o.s.s.web.util.matcher.OrRequestMatcher  : Trying to match using Ant [pattern='/metrics/']
2017-02-20 12:00:02.597 DEBUG 1692 --- [o-auto-1-exec-1] o.s.s.w.u.matcher.AntPathRequestMatcher  : Checking match of request : '/index.html'; against '/metrics/'
2017-02-20 12:00:02.597 DEBUG 1692 --- [o-auto-1-exec-1] o.s.s.web.util.matcher.OrRequestMatcher  : Trying to match using Ant [pattern='/dump']
2017-02-20 12:00:02.597 DEBUG 1692 --- [o-auto-1-exec-1] o.s.s.w.u.matcher.AntPathRequestMatcher  : Checking match of request : '/index.html'; against '/dump'
2017-02-20 12:00:02.597 DEBUG 1692 --- [o-auto-1-exec-1] o.s.s.web.util.matcher.OrRequestMatcher  : Trying to match using Ant [pattern='/dump/**']
2017-02-20 12:00:02.597 DEBUG 1692 --- [o-auto-1-exec-1] o.s.s.w.u.matcher.AntPathRequestMatcher  : Checking match of request : '/index.html'; against '/dump/**'
2017-02-20 12:00:02.597 DEBUG 1692 --- [o-auto-1-exec-1] o.s.s.web.util.matcher.OrRequestMatcher  : Trying to match using Ant [pattern='/dump.*']
2017-02-20 12:00:02.597 DEBUG 1692 --- [o-auto-1-exec-1] o.s.s.w.u.matcher.AntPathRequestMatcher  : Checking match of request : '/index.html'; against '/dump.*'
2017-02-20 12:00:02.597 DEBUG 1692 --- [o-auto-1-exec-1] o.s.s.web.util.matcher.OrRequestMatcher  : Trying to match using Ant [pattern='/dump/']
2017-02-20 12:00:02.597 DEBUG 1692 --- [o-auto-1-exec-1] o.s.s.w.u.matcher.AntPathRequestMatcher  : Checking match of request : '/index.html'; against '/dump/'
2017-02-20 12:00:02.597 DEBUG 1692 --- [o-auto-1-exec-1] o.s.s.web.util.matcher.OrRequestMatcher  : Trying to match using Ant [pattern='/configprops']
2017-02-20 12:00:02.597 DEBUG 1692 --- [o-auto-1-exec-1] o.s.s.w.u.matcher.AntPathRequestMatcher  : Checking match of request : '/index.html'; against '/configprops'
2017-02-20 12:00:02.597 DEBUG 1692 --- [o-auto-1-exec-1] o.s.s.web.util.matcher.OrRequestMatcher  : Trying to match using Ant [pattern='/configprops/**']
2017-02-20 12:00:02.597 DEBUG 1692 --- [o-auto-1-exec-1] o.s.s.w.u.matcher.AntPathRequestMatcher  : Checking match of request : '/index.html'; against '/configprops/**'
2017-02-20 12:00:02.597 DEBUG 1692 --- [o-auto-1-exec-1] o.s.s.web.util.matcher.OrRequestMatcher  : Trying to match using Ant [pattern='/configprops.*']
2017-02-20 12:00:02.597 DEBUG 1692 --- [o-auto-1-exec-1] o.s.s.w.u.matcher.AntPathRequestMatcher  : Checking match of request : '/index.html'; against '/configprops.*'
2017-02-20 12:00:02.597 DEBUG 1692 --- [o-auto-1-exec-1] o.s.s.web.util.matcher.OrRequestMatcher  : Trying to match using Ant [pattern='/configprops/']
2017-02-20 12:00:02.597 DEBUG 1692 --- [o-auto-1-exec-1] o.s.s.w.u.matcher.AntPathRequestMatcher  : Checking match of request : '/index.html'; against '/configprops/'
2017-02-20 12:00:02.597 DEBUG 1692 --- [o-auto-1-exec-1] o.s.s.web.util.matcher.OrRequestMatcher  : No matches found
2017-02-20 12:00:02.597 DEBUG 1692 --- [o-auto-1-exec-1] o.s.security.web.FilterChainProxy        : /index.html at position 1 of 12 in additional filter chain; firing Filter: 'WebAsyncManagerIntegrationFilter'
2017-02-20 12:00:02.597 DEBUG 1692 --- [o-auto-1-exec-1] o.s.security.web.FilterChainProxy        : /index.html at position 2 of 12 in additional filter chain; firing Filter: 'SecurityContextPersistenceFilter'
2017-02-20 12:00:02.597 DEBUG 1692 --- [o-auto-1-exec-1] o.s.security.web.FilterChainProxy        : /index.html at position 3 of 12 in additional filter chain; firing Filter: 'HeaderWriterFilter'
2017-02-20 12:00:02.597 DEBUG 1692 --- [o-auto-1-exec-1] o.s.security.web.FilterChainProxy        : /index.html at position 4 of 12 in additional filter chain; firing Filter: 'CsrfFilter'
2017-02-20 12:00:02.597 DEBUG 1692 --- [o-auto-1-exec-1] o.s.security.web.FilterChainProxy        : /index.html at position 5 of 12 in additional filter chain; firing Filter: 'LogoutFilter'
2017-02-20 12:00:02.597 DEBUG 1692 --- [o-auto-1-exec-1] o.s.s.w.u.matcher.AntPathRequestMatcher  : Request 'GET /index.html' doesn't match 'POST /logout
2017-02-20 12:00:02.597 DEBUG 1692 --- [o-auto-1-exec-1] o.s.security.web.FilterChainProxy        : /index.html at position 6 of 12 in additional filter chain; firing Filter: 'BasicAuthenticationFilter'
2017-02-20 12:00:02.597 DEBUG 1692 --- [o-auto-1-exec-1] o.s.security.web.FilterChainProxy        : /index.html at position 7 of 12 in additional filter chain; firing Filter: 'RequestCacheAwareFilter'
2017-02-20 12:00:02.597 DEBUG 1692 --- [o-auto-1-exec-1] o.s.security.web.FilterChainProxy        : /index.html at position 8 of 12 in additional filter chain; firing Filter: 'SecurityContextHolderAwareRequestFilter'
2017-02-20 12:00:02.597 DEBUG 1692 --- [o-auto-1-exec-1] o.s.security.web.FilterChainProxy        : /index.html at position 9 of 12 in additional filter chain; firing Filter: 'AnonymousAuthenticationFilter'
2017-02-20 12:00:02.597 DEBUG 1692 --- [o-auto-1-exec-1] o.s.s.w.a.AnonymousAuthenticationFilter  : SecurityContextHolder not populated with anonymous token, as it already contained: 'org.springframework.security.authentication.AnonymousAuthenticationToken@9055e4a6: Principal: anonymousUser; Credentials: [PROTECTED]; Authenticated: true; Details: org.springframework.security.web.authentication.WebAuthenticationDetails@957e: RemoteIpAddress: 127.0.0.1; SessionId: null; Granted Authorities: ROLE_ANONYMOUS'
2017-02-20 12:00:02.597 DEBUG 1692 --- [o-auto-1-exec-1] o.s.security.web.FilterChainProxy        : /index.html at position 10 of 12 in additional filter chain; firing Filter: 'SessionManagementFilter'
2017-02-20 12:00:02.597 DEBUG 1692 --- [o-auto-1-exec-1] o.s.security.web.FilterChainProxy        : /index.html at position 11 of 12 in additional filter chain; firing Filter: 'ExceptionTranslationFilter'
2017-02-20 12:00:02.597 DEBUG 1692 --- [o-auto-1-exec-1] o.s.security.web.FilterChainProxy        : /index.html at position 12 of 12 in additional filter chain; firing Filter: 'FilterSecurityInterceptor'
2017-02-20 12:00:02.597 DEBUG 1692 --- [o-auto-1-exec-1] o.s.security.web.FilterChainProxy        : /index.html reached end of additional filter chain; proceeding with original chain
2017-02-20 12:00:02.628 DEBUG 1692 --- [o-auto-1-exec-1] o.s.s.w.header.writers.HstsHeaderWriter  : Not injecting HSTS header since it did not match the requestMatcher org.springframework.security.web.header.writers.HstsHeaderWriter$SecureRequestMatcher@1f86c095
2017-02-20 12:00:02.628 DEBUG 1692 --- [o-auto-1-exec-1] w.c.HttpSessionSecurityContextRepository : SecurityContext is empty or contents are anonymous - context will not be stored in HttpSession.
2017-02-20 12:00:02.659 DEBUG 1692 --- [o-auto-1-exec-1] o.s.s.w.a.ExceptionTranslationFilter     : Chain processed normally
2017-02-20 12:00:02.675 DEBUG 1692 --- [o-auto-1-exec-1] o.s.s.w.a.ExceptionTranslationFilter     : Chain processed normally
2017-02-20 12:00:02.675 DEBUG 1692 --- [o-auto-1-exec-1] s.s.w.c.SecurityContextPersistenceFilter : SecurityContextHolder now cleared, as request processing completed
]]></system-out>
  </testcase>
</testsuite>